<?xml version="1.0" encoding="UTF-8"?>
<!-- Generated by org.testng.reporters.JUnitReportReporter -->
<testsuite hostname="Avinash" name="test.test.App" tests="1" failures="0" timestamp="24 Jul 2020 05:49:57 GMT" time="12.538" errors="0">
  <testcase name="test" time="12.538" classname="test.test.App"/>
</testsuite> <!-- test.test.App -->
